[douyin_admin/server]2023/08/20 - 17:21:10.207	[34minfo[0m	C:/Users/Administrator/Desktop/Daoyin/douyin/initialization/zap.go:124	server run success on 	{"zap_log": "zap_log"}
[douyin_admin/server]2023/08/20 - 17:21:10.300	[34minfo[0m	C:/Users/Administrator/Desktop/Daoyin/douyin/initialization/server.go:24	server run success on 	{"address": ":8192"}
[douyin_admin/server]2023/08/20 - 17:26:52.602	[34minfo[0m	C:/Users/Administrator/Desktop/Daoyin/douyin/controller/feed.go:75	Feed Success!
[douyin_admin/server]2023/08/20 - 17:26:52.886	[34minfo[0m	C:/Users/Administrator/Desktop/Daoyin/douyin/controller/publish.go:131	PublishList Success!
[douyin_admin/server]2023/08/20 - 17:26:52.888	[34minfo[0m	C:/Users/Administrator/Desktop/Daoyin/douyin/controller/favorite.go:117	get FavoriteList success!
[douyin_admin/server]2023/08/20 - 17:27:08.787	[34minfo[0m	C:/Users/Administrator/Desktop/Daoyin/douyin/controller/user.go:103	UserLogin success!
[douyin_admin/server]2023/08/20 - 17:27:08.794	[34minfo[0m	C:/Users/Administrator/Desktop/Daoyin/douyin/controller/user.go:56	User Success!
[douyin_admin/server]2023/08/20 - 17:27:14.840	[34minfo[0m	C:/Users/Administrator/Desktop/Daoyin/douyin/controller/favorite.go:64	FavoriteAction success!
[douyin_admin/server]2023/08/20 - 17:27:15.736	[34minfo[0m	C:/Users/Administrator/Desktop/Daoyin/douyin/controller/favorite.go:64	FavoriteAction success!
[douyin_admin/server]2023/08/20 - 17:27:17.003	[34minfo[0m	C:/Users/Administrator/Desktop/Daoyin/douyin/controller/favorite.go:64	FavoriteAction success!
[douyin_admin/server]2023/08/20 - 17:27:17.754	[34minfo[0m	C:/Users/Administrator/Desktop/Daoyin/douyin/controller/favorite.go:64	FavoriteAction success!
[douyin_admin/server]2023/08/20 - 17:27:18.821	[34minfo[0m	C:/Users/Administrator/Desktop/Daoyin/douyin/controller/favorite.go:117	get FavoriteList success!
[douyin_admin/server]2023/08/20 - 17:27:18.827	[34minfo[0m	C:/Users/Administrator/Desktop/Daoyin/douyin/controller/publish.go:131	PublishList Success!
[douyin_admin/server]2023/08/20 - 17:27:18.830	[34minfo[0m	C:/Users/Administrator/Desktop/Daoyin/douyin/controller/feed.go:75	Feed Success!
[douyin_admin/server]2023/08/20 - 17:27:23.833	[34minfo[0m	C:/Users/Administrator/Desktop/Daoyin/douyin/controller/favorite.go:117	get FavoriteList success!
[douyin_admin/server]2023/08/20 - 17:27:23.839	[34minfo[0m	C:/Users/Administrator/Desktop/Daoyin/douyin/controller/publish.go:131	PublishList Success!
[douyin_admin/server]2023/08/20 - 17:27:31.091	[34minfo[0m	C:/Users/Administrator/Desktop/Daoyin/douyin/controller/favorite.go:117	get FavoriteList success!
[douyin_admin/server]2023/08/20 - 17:27:31.095	[34minfo[0m	C:/Users/Administrator/Desktop/Daoyin/douyin/controller/publish.go:131	PublishList Success!
[douyin_admin/server]2023/08/20 - 17:27:45.018	[34minfo[0m	C:/Users/Administrator/Desktop/Daoyin/douyin/controller/favorite.go:64	FavoriteAction success!
[douyin_admin/server]2023/08/20 - 17:27:45.603	[34minfo[0m	C:/Users/Administrator/Desktop/Daoyin/douyin/controller/favorite.go:64	FavoriteAction success!
[douyin_admin/server]2023/08/20 - 17:38:13.593	[34minfo[0m	C:/Users/Administrator/Desktop/Daoyin/douyin/controller/favorite.go:117	get FavoriteList success!
[douyin_admin/server]2023/08/20 - 17:38:13.599	[34minfo[0m	C:/Users/Administrator/Desktop/Daoyin/douyin/controller/publish.go:131	PublishList Success!
[douyin_admin/server]2023/08/20 - 17:38:16.799	[34minfo[0m	C:/Users/Administrator/Desktop/Daoyin/douyin/controller/favorite.go:117	get FavoriteList success!
[douyin_admin/server]2023/08/20 - 17:38:16.804	[34minfo[0m	C:/Users/Administrator/Desktop/Daoyin/douyin/controller/publish.go:131	PublishList Success!
[douyin_admin/server]2023/08/20 - 17:38:16.809	[34minfo[0m	C:/Users/Administrator/Desktop/Daoyin/douyin/controller/feed.go:75	Feed Success!
[douyin_admin/server]2023/08/20 - 17:38:19.373	[34minfo[0m	C:/Users/Administrator/Desktop/Daoyin/douyin/controller/favorite.go:117	get FavoriteList success!
[douyin_admin/server]2023/08/20 - 17:38:19.377	[34minfo[0m	C:/Users/Administrator/Desktop/Daoyin/douyin/controller/publish.go:131	PublishList Success!
[douyin_admin/server]2023/08/20 - 17:38:22.460	[34minfo[0m	C:/Users/Administrator/Desktop/Daoyin/douyin/controller/publish.go:131	PublishList Success!
[douyin_admin/server]2023/08/20 - 17:38:22.464	[34minfo[0m	C:/Users/Administrator/Desktop/Daoyin/douyin/controller/favorite.go:117	get FavoriteList success!
[douyin_admin/server]2023/08/20 - 17:40:26.166	[34minfo[0m	C:/Users/Administrator/Desktop/Daoyin/douyin/controller/feed.go:75	Feed Success!
[douyin_admin/server]2023/08/20 - 17:40:34.177	[34minfo[0m	C:/Users/Administrator/Desktop/Daoyin/douyin/controller/user.go:155	UserRegister success!
[douyin_admin/server]2023/08/20 - 17:40:35.190	[34minfo[0m	C:/Users/Administrator/Desktop/Daoyin/douyin/controller/user.go:56	User Success!
[douyin_admin/server]2023/08/20 - 17:40:37.346	[34minfo[0m	C:/Users/Administrator/Desktop/Daoyin/douyin/controller/feed.go:75	Feed Success!
[douyin_admin/server]2023/08/20 - 17:41:05.583	[34minfo[0m	C:/Users/Administrator/Desktop/Daoyin/douyin/controller/feed.go:75	Feed Success!
[douyin_admin/server]2023/08/20 - 17:41:11.586	[34minfo[0m	C:/Users/Administrator/Desktop/Daoyin/douyin/controller/user.go:155	UserRegister success!
[douyin_admin/server]2023/08/20 - 17:41:12.614	[34minfo[0m	C:/Users/Administrator/Desktop/Daoyin/douyin/controller/user.go:56	User Success!
[douyin_admin/server]2023/08/20 - 17:41:15.121	[34minfo[0m	C:/Users/Administrator/Desktop/Daoyin/douyin/controller/feed.go:75	Feed Success!
[douyin_admin/server]2023/08/20 - 17:41:23.595	[34minfo[0m	C:/Users/Administrator/Desktop/Daoyin/douyin/controller/user.go:155	UserRegister success!
[douyin_admin/server]2023/08/20 - 17:41:24.609	[34minfo[0m	C:/Users/Administrator/Desktop/Daoyin/douyin/controller/user.go:56	User Success!
[douyin_admin/server]2023/08/20 - 17:42:09.447	[34minfo[0m	C:/Users/Administrator/Desktop/Daoyin/douyin/controller/publish.go:131	PublishList Success!
[douyin_admin/server]2023/08/20 - 17:42:09.452	[34minfo[0m	C:/Users/Administrator/Desktop/Daoyin/douyin/controller/feed.go:75	Feed Success!
[douyin_admin/server]2023/08/20 - 17:42:10.882	[34minfo[0m	C:/Users/Administrator/Desktop/Daoyin/douyin/controller/publish.go:131	PublishList Success!
[douyin_admin/server]2023/08/20 - 17:42:14.797	[34minfo[0m	C:/Users/Administrator/Desktop/Daoyin/douyin/controller/publish.go:131	PublishList Success!
[douyin_admin/server]2023/08/20 - 17:43:11.593	[34minfo[0m	C:/Users/Administrator/Desktop/Daoyin/douyin/controller/feed.go:75	Feed Success!
[douyin_admin/server]2023/08/20 - 17:43:24.211	[34minfo[0m	C:/Users/Administrator/Desktop/Daoyin/douyin/controller/user.go:103	UserLogin success!
[douyin_admin/server]2023/08/20 - 17:43:24.220	[34minfo[0m	C:/Users/Administrator/Desktop/Daoyin/douyin/controller/user.go:56	User Success!
[douyin_admin/server]2023/08/20 - 17:58:04.538	[34minfo[0m	C:/Users/Administrator/Desktop/Daoyin/douyin/controller/feed.go:75	Feed Success!
[douyin_admin/server]2023/08/20 - 17:58:14.756	[34minfo[0m	C:/Users/Administrator/Desktop/Daoyin/douyin/controller/user.go:103	UserLogin success!
[douyin_admin/server]2023/08/20 - 17:58:14.771	[34minfo[0m	C:/Users/Administrator/Desktop/Daoyin/douyin/controller/user.go:56	User Success!
[douyin_admin/server]2023/08/20 - 18:01:13.644	[34minfo[0m	C:/Users/Administrator/Desktop/Daoyin/douyin/initialization/zap.go:124	server run success on 	{"zap_log": "zap_log"}
[douyin_admin/server]2023/08/20 - 18:01:13.717	[34minfo[0m	C:/Users/Administrator/Desktop/Daoyin/douyin/initialization/server.go:24	server run success on 	{"address": ":8192"}
[douyin_admin/server]2023/08/20 - 18:02:41.072	[34minfo[0m	C:/Users/Administrator/Desktop/Daoyin/douyin/initialization/zap.go:124	server run success on 	{"zap_log": "zap_log"}
[douyin_admin/server]2023/08/20 - 18:02:41.145	[34minfo[0m	C:/Users/Administrator/Desktop/Daoyin/douyin/initialization/server.go:24	server run success on 	{"address": ":8192"}
[douyin_admin/server]2023/08/20 - 18:02:48.248	[34minfo[0m	C:/Users/Administrator/Desktop/Daoyin/douyin/controller/feed.go:75	Feed Success!
[douyin_admin/server]2023/08/20 - 18:02:48.388	[34minfo[0m	C:/Users/Administrator/Desktop/Daoyin/douyin/controller/publish.go:131	PublishList Success!
[douyin_admin/server]2023/08/20 - 18:02:48.391	[34minfo[0m	C:/Users/Administrator/Desktop/Daoyin/douyin/controller/favorite.go:117	get FavoriteList success!
[douyin_admin/server]2023/08/20 - 18:02:56.631	[34minfo[0m	C:/Users/Administrator/Desktop/Daoyin/douyin/controller/user.go:103	UserLogin success!
[douyin_admin/server]2023/08/20 - 18:02:56.638	[34minfo[0m	C:/Users/Administrator/Desktop/Daoyin/douyin/controller/user.go:56	User Success!
[douyin_admin/server]2023/08/20 - 18:03:13.668	[34minfo[0m	C:/Users/Administrator/Desktop/Daoyin/douyin/controller/favorite.go:64	FavoriteAction success!
[douyin_admin/server]2023/08/20 - 18:03:14.529	[34minfo[0m	C:/Users/Administrator/Desktop/Daoyin/douyin/controller/favorite.go:64	FavoriteAction success!
[douyin_admin/server]2023/08/20 - 18:03:22.945	[34minfo[0m	C:/Users/Administrator/Desktop/Daoyin/douyin/controller/favorite.go:64	FavoriteAction success!
[douyin_admin/server]2023/08/20 - 18:03:24.571	[34minfo[0m	C:/Users/Administrator/Desktop/Daoyin/douyin/controller/favorite.go:117	get FavoriteList success!
[douyin_admin/server]2023/08/20 - 18:03:24.576	[34minfo[0m	C:/Users/Administrator/Desktop/Daoyin/douyin/controller/feed.go:75	Feed Success!
[douyin_admin/server]2023/08/20 - 18:03:24.577	[34minfo[0m	C:/Users/Administrator/Desktop/Daoyin/douyin/controller/publish.go:131	PublishList Success!
[douyin_admin/server]2023/08/20 - 18:03:26.314	[34minfo[0m	C:/Users/Administrator/Desktop/Daoyin/douyin/controller/favorite.go:64	FavoriteAction success!
[douyin_admin/server]2023/08/20 - 18:03:29.723	[34minfo[0m	C:/Users/Administrator/Desktop/Daoyin/douyin/controller/favorite.go:117	get FavoriteList success!
[douyin_admin/server]2023/08/20 - 18:03:29.727	[34minfo[0m	C:/Users/Administrator/Desktop/Daoyin/douyin/controller/publish.go:131	PublishList Success!
[douyin_admin/server]2023/08/20 - 18:03:38.517	[34minfo[0m	C:/Users/Administrator/Desktop/Daoyin/douyin/controller/favorite.go:117	get FavoriteList success!
[douyin_admin/server]2023/08/20 - 18:03:38.519	[34minfo[0m	C:/Users/Administrator/Desktop/Daoyin/douyin/controller/publish.go:131	PublishList Success!
[douyin_admin/server]2023/08/20 - 18:03:41.866	[34minfo[0m	C:/Users/Administrator/Desktop/Daoyin/douyin/controller/favorite.go:117	get FavoriteList success!
[douyin_admin/server]2023/08/20 - 18:03:41.868	[34minfo[0m	C:/Users/Administrator/Desktop/Daoyin/douyin/controller/publish.go:131	PublishList Success!
[douyin_admin/server]2023/08/20 - 18:03:42.490	[34minfo[0m	C:/Users/Administrator/Desktop/Daoyin/douyin/controller/favorite.go:117	get FavoriteList success!
[douyin_admin/server]2023/08/20 - 18:03:42.493	[34minfo[0m	C:/Users/Administrator/Desktop/Daoyin/douyin/controller/publish.go:131	PublishList Success!
[douyin_admin/server]2023/08/20 - 18:03:43.289	[34minfo[0m	C:/Users/Administrator/Desktop/Daoyin/douyin/controller/favorite.go:117	get FavoriteList success!
[douyin_admin/server]2023/08/20 - 18:03:43.292	[34minfo[0m	C:/Users/Administrator/Desktop/Daoyin/douyin/controller/publish.go:131	PublishList Success!
[douyin_admin/server]2023/08/20 - 19:16:24.473	[34minfo[0m	C:/Users/Administrator/Desktop/Daoyin/douyin/controller/publish.go:131	PublishList Success!
[douyin_admin/server]2023/08/20 - 19:16:24.481	[34minfo[0m	C:/Users/Administrator/Desktop/Daoyin/douyin/controller/favorite.go:117	get FavoriteList success!
[douyin_admin/server]2023/08/20 - 19:16:25.075	[34minfo[0m	C:/Users/Administrator/Desktop/Daoyin/douyin/controller/favorite.go:117	get FavoriteList success!
[douyin_admin/server]2023/08/20 - 19:16:25.077	[34minfo[0m	C:/Users/Administrator/Desktop/Daoyin/douyin/controller/publish.go:131	PublishList Success!
[douyin_admin/server]2023/08/20 - 19:16:25.942	[34minfo[0m	C:/Users/Administrator/Desktop/Daoyin/douyin/controller/favorite.go:117	get FavoriteList success!
[douyin_admin/server]2023/08/20 - 19:16:25.942	[34minfo[0m	C:/Users/Administrator/Desktop/Daoyin/douyin/controller/publish.go:131	PublishList Success!
[douyin_admin/server]2023/08/20 - 19:16:31.088	[34minfo[0m	C:/Users/Administrator/Desktop/Daoyin/douyin/controller/favorite.go:117	get FavoriteList success!
[douyin_admin/server]2023/08/20 - 19:16:31.091	[34minfo[0m	C:/Users/Administrator/Desktop/Daoyin/douyin/controller/publish.go:131	PublishList Success!
[douyin_admin/server]2023/08/20 - 19:16:31.890	[34minfo[0m	C:/Users/Administrator/Desktop/Daoyin/douyin/controller/favorite.go:117	get FavoriteList success!
[douyin_admin/server]2023/08/20 - 19:16:31.893	[34minfo[0m	C:/Users/Administrator/Desktop/Daoyin/douyin/controller/publish.go:131	PublishList Success!
[douyin_admin/server]2023/08/20 - 19:16:40.319	[34minfo[0m	C:/Users/Administrator/Desktop/Daoyin/douyin/controller/favorite.go:117	get FavoriteList success!
[douyin_admin/server]2023/08/20 - 19:16:40.320	[34minfo[0m	C:/Users/Administrator/Desktop/Daoyin/douyin/controller/publish.go:131	PublishList Success!
[douyin_admin/server]2023/08/20 - 19:16:44.727	[34minfo[0m	C:/Users/Administrator/Desktop/Daoyin/douyin/controller/favorite.go:117	get FavoriteList success!
[douyin_admin/server]2023/08/20 - 19:16:44.729	[34minfo[0m	C:/Users/Administrator/Desktop/Daoyin/douyin/controller/publish.go:131	PublishList Success!
[douyin_admin/server]2023/08/20 - 19:16:44.733	[34minfo[0m	C:/Users/Administrator/Desktop/Daoyin/douyin/controller/feed.go:75	Feed Success!
[douyin_admin/server]2023/08/20 - 19:16:45.839	[34minfo[0m	C:/Users/Administrator/Desktop/Daoyin/douyin/controller/favorite.go:117	get FavoriteList success!
[douyin_admin/server]2023/08/20 - 19:16:45.842	[34minfo[0m	C:/Users/Administrator/Desktop/Daoyin/douyin/controller/publish.go:131	PublishList Success!
[douyin_admin/server]2023/08/20 - 19:17:13.027	[34minfo[0m	C:/Users/Administrator/Desktop/Daoyin/douyin/controller/favorite.go:117	get FavoriteList success!
[douyin_admin/server]2023/08/20 - 19:17:13.030	[34minfo[0m	C:/Users/Administrator/Desktop/Daoyin/douyin/controller/publish.go:131	PublishList Success!
[douyin_admin/server]2023/08/20 - 19:17:19.589	[34minfo[0m	C:/Users/Administrator/Desktop/Daoyin/douyin/controller/feed.go:75	Feed Success!
[douyin_admin/server]2023/08/20 - 19:17:19.726	[34minfo[0m	C:/Users/Administrator/Desktop/Daoyin/douyin/controller/publish.go:131	PublishList Success!
[douyin_admin/server]2023/08/20 - 19:17:19.728	[34minfo[0m	C:/Users/Administrator/Desktop/Daoyin/douyin/controller/favorite.go:117	get FavoriteList success!
[douyin_admin/server]2023/08/20 - 19:17:28.076	[34minfo[0m	C:/Users/Administrator/Desktop/Daoyin/douyin/controller/user.go:103	UserLogin success!
[douyin_admin/server]2023/08/20 - 19:17:28.088	[34minfo[0m	C:/Users/Administrator/Desktop/Daoyin/douyin/controller/user.go:56	User Success!
[douyin_admin/server]2023/08/20 - 19:23:09.718	[34minfo[0m	C:/Users/Administrator/Desktop/Daoyin/douyin/initialization/zap.go:124	server run success on 	{"zap_log": "zap_log"}
[douyin_admin/server]2023/08/20 - 19:23:09.780	[34minfo[0m	C:/Users/Administrator/Desktop/Daoyin/douyin/initialization/server.go:24	server run success on 	{"address": ":8192"}
[douyin_admin/server]2023/08/20 - 19:42:56.790	[34minfo[0m	C:/Users/Administrator/Desktop/Daoyin/douyin/initialization/zap.go:124	server run success on 	{"zap_log": "zap_log"}
[douyin_admin/server]2023/08/20 - 19:42:56.858	[34minfo[0m	C:/Users/Administrator/Desktop/Daoyin/douyin/initialization/server.go:24	server run success on 	{"address": ":8192"}
[douyin_admin/server]2023/08/20 - 19:47:24.319	[34minfo[0m	C:/Users/Administrator/Desktop/Daoyin/douyin/initialization/zap.go:124	server run success on 	{"zap_log": "zap_log"}
[douyin_admin/server]2023/08/20 - 19:47:24.417	[34minfo[0m	C:/Users/Administrator/Desktop/Daoyin/douyin/initialization/server.go:24	server run success on 	{"address": ":8192"}
[douyin_admin/server]2023/08/20 - 19:58:46.596	[34minfo[0m	C:/Users/Administrator/Desktop/Daoyin/douyin/controller/user.go:103	UserLogin success!
[douyin_admin/server]2023/08/20 - 19:58:46.612	[34minfo[0m	C:/Users/Administrator/Desktop/Daoyin/douyin/controller/user.go:56	User Success!
[douyin_admin/server]2023/08/20 - 19:59:21.442	[34minfo[0m	C:/Users/Administrator/Desktop/Daoyin/douyin/controller/feed.go:75	Feed Success!
[douyin_admin/server]2023/08/20 - 19:59:22.131	[34minfo[0m	C:/Users/Administrator/Desktop/Daoyin/douyin/controller/publish.go:131	PublishList Success!
[douyin_admin/server]2023/08/20 - 19:59:22.140	[34minfo[0m	C:/Users/Administrator/Desktop/Daoyin/douyin/controller/favorite.go:117	get FavoriteList success!
[douyin_admin/server]2023/08/20 - 19:59:22.442	[34minfo[0m	C:/Users/Administrator/Desktop/Daoyin/douyin/controller/favorite.go:117	get FavoriteList success!
[douyin_admin/server]2023/08/20 - 19:59:22.445	[34minfo[0m	C:/Users/Administrator/Desktop/Daoyin/douyin/controller/publish.go:131	PublishList Success!
[douyin_admin/server]2023/08/20 - 19:59:22.449	[34minfo[0m	C:/Users/Administrator/Desktop/Daoyin/douyin/controller/feed.go:75	Feed Success!
[douyin_admin/server]2023/08/20 - 19:59:59.793	[34minfo[0m	C:/Users/Administrator/Desktop/Daoyin/douyin/controller/favorite.go:117	get FavoriteList success!
[douyin_admin/server]2023/08/20 - 19:59:59.794	[34minfo[0m	C:/Users/Administrator/Desktop/Daoyin/douyin/controller/publish.go:131	PublishList Success!
[douyin_admin/server]2023/08/20 - 20:00:13.987	[34minfo[0m	C:/Users/Administrator/Desktop/Daoyin/douyin/controller/favorite.go:117	get FavoriteList success!
[douyin_admin/server]2023/08/20 - 20:00:13.996	[34minfo[0m	C:/Users/Administrator/Desktop/Daoyin/douyin/controller/publish.go:131	PublishList Success!
[douyin_admin/server]2023/08/20 - 20:00:14.748	[34minfo[0m	C:/Users/Administrator/Desktop/Daoyin/douyin/controller/favorite.go:117	get FavoriteList success!
[douyin_admin/server]2023/08/20 - 20:00:14.751	[34minfo[0m	C:/Users/Administrator/Desktop/Daoyin/douyin/controller/publish.go:131	PublishList Success!
[douyin_admin/server]2023/08/20 - 20:00:15.623	[34minfo[0m	C:/Users/Administrator/Desktop/Daoyin/douyin/controller/favorite.go:117	get FavoriteList success!
[douyin_admin/server]2023/08/20 - 20:00:15.629	[34minfo[0m	C:/Users/Administrator/Desktop/Daoyin/douyin/controller/publish.go:131	PublishList Success!
[douyin_admin/server]2023/08/20 - 20:00:17.745	[34minfo[0m	C:/Users/Administrator/Desktop/Daoyin/douyin/controller/publish.go:131	PublishList Success!
[douyin_admin/server]2023/08/20 - 20:00:17.746	[34minfo[0m	C:/Users/Administrator/Desktop/Daoyin/douyin/controller/favorite.go:117	get FavoriteList success!
