<<<<<<< HEAD
[douyin_admin/server]2023/08/14 - 21:05:22.746	[31merror[0m	/home/yuhang/douyin/initialization/server.go:29	accept tcp [::]:8192: use of closed network connection
=======
[douyin_admin/server]2023/08/14 - 00:04:12.332	[31merror[0m	E:/go/douyin/initialization/server.go:29	accept tcp [::]:8080: use of closed network connection
[douyin_admin/server]2023/08/14 - 15:23:43.786	[31merror[0m	E:/go/douyin/initialization/server.go:29	accept tcp [::]:8080: use of closed network connection
[douyin_admin/server]2023/08/14 - 15:24:20.361	[31merror[0m	E:/go/douyin/initialization/server.go:29	accept tcp [::]:8080: use of closed network connection
[douyin_admin/server]2023/08/14 - 15:26:58.643	[31merror[0m	E:/go/douyin/initialization/server.go:29	accept tcp [::]:8080: use of closed network connection
[douyin_admin/server]2023/08/14 - 15:28:45.265	[31merror[0m	E:/go/douyin/initialization/server.go:29	accept tcp [::]:8080: use of closed network connection
[douyin_admin/server]2023/08/14 - 15:32:00.826	[31merror[0m	E:/go/douyin/initialization/server.go:29	accept tcp [::]:8080: use of closed network connection
[douyin_admin/server]2023/08/14 - 15:32:59.767	[31merror[0m	E:/go/douyin/initialization/server.go:29	accept tcp [::]:8080: use of closed network connection
[douyin_admin/server]2023/08/14 - 15:33:07.035	[31merror[0m	E:/go/douyin/initialization/server.go:29	accept tcp [::]:8080: use of closed network connection
[douyin_admin/server]2023/08/14 - 15:33:24.066	[31merror[0m	E:/go/douyin/initialization/server.go:29	net.Listen error: listen tcp :8080: bind: Only one usage of each socket address (protocol/network address/port) is normally permitted.
[douyin_admin/server]2023/08/14 - 15:33:27.191	[31merror[0m	E:/go/douyin/initialization/server.go:29	accept tcp [::]:8080: use of closed network connection
[douyin_admin/server]2023/08/14 - 15:34:08.913	[31merror[0m	E:/go/douyin/initialization/server.go:29	accept tcp [::]:8080: use of closed network connection
[douyin_admin/server]2023/08/14 - 15:36:42.551	[31merror[0m	E:/go/douyin/initialization/server.go:29	accept tcp [::]:8080: use of closed network connection
[douyin_admin/server]2023/08/14 - 15:39:30.288	[31merror[0m	E:/go/douyin/initialization/server.go:29	accept tcp [::]:8080: use of closed network connection
[douyin_admin/server]2023/08/14 - 15:44:36.569	[31merror[0m	E:/go/douyin/initialization/server.go:29	accept tcp [::]:8080: use of closed network connection
[douyin_admin/server]2023/08/14 - 17:46:27.745	[31merror[0m	E:/go/douyin/initialization/server.go:29	accept tcp [::]:8080: use of closed network connection
[douyin_admin/server]2023/08/14 - 17:48:01.699	[31merror[0m	E:/go/douyin/initialization/server.go:29	accept tcp [::]:8080: use of closed network connection
[douyin_admin/server]2023/08/14 - 17:48:24.223	[31merror[0m	E:/go/douyin/initialization/server.go:29	accept tcp [::]:8080: use of closed network connection
[douyin_admin/server]2023/08/14 - 17:51:12.705	[31merror[0m	E:/go/douyin/initialization/server.go:29	accept tcp [::]:8080: use of closed network connection
[douyin_admin/server]2023/08/14 - 18:01:40.637	[31merror[0m	E:/go/douyin/initialization/server.go:29	accept tcp [::]:8080: use of closed network connection
[douyin_admin/server]2023/08/14 - 18:02:55.304	[31merror[0m	E:/go/douyin/initialization/server.go:29	accept tcp [::]:8080: use of closed network connection
[douyin_admin/server]2023/08/14 - 18:03:13.830	[31merror[0m	E:/go/douyin/initialization/server.go:29	accept tcp [::]:8080: use of closed network connection
[douyin_admin/server]2023/08/14 - 18:03:37.409	[31merror[0m	E:/go/douyin/initialization/server.go:29	accept tcp [::]:8080: use of closed network connection
[douyin_admin/server]2023/08/14 - 18:04:41.245	[31merror[0m	E:/go/douyin/initialization/server.go:29	accept tcp [::]:8080: use of closed network connection
[douyin_admin/server]2023/08/14 - 18:06:24.893	[31merror[0m	E:/go/douyin/initialization/server.go:29	accept tcp [::]:8080: use of closed network connection
>>>>>>> penglei
