[douyin_admin/server]2023/08/14 - 15:21:05.851	[34minfo[0m	E:/go/douyin/initialization/zap.go:124	server run success on 	{"zap_log": "zap_log"}
[douyin_admin/server]2023/08/14 - 15:21:05.911	[34minfo[0m	E:/go/douyin/initialization/server.go:24	server run success on 	{"address": ":8080"}
[douyin_admin/server]2023/08/14 - 15:23:47.932	[34minfo[0m	E:/go/douyin/initialization/zap.go:124	server run success on 	{"zap_log": "zap_log"}
[douyin_admin/server]2023/08/14 - 15:23:47.967	[34minfo[0m	E:/go/douyin/initialization/server.go:24	server run success on 	{"address": ":8080"}
[douyin_admin/server]2023/08/14 - 15:24:24.774	[34minfo[0m	E:/go/douyin/initialization/zap.go:124	server run success on 	{"zap_log": "zap_log"}
[douyin_admin/server]2023/08/14 - 15:24:24.819	[34minfo[0m	E:/go/douyin/initialization/server.go:24	server run success on 	{"address": ":8080"}
[douyin_admin/server]2023/08/14 - 15:27:03.009	[34minfo[0m	E:/go/douyin/initialization/zap.go:124	server run success on 	{"zap_log": "zap_log"}
[douyin_admin/server]2023/08/14 - 15:27:03.047	[34minfo[0m	E:/go/douyin/initialization/server.go:24	server run success on 	{"address": ":8080"}
[douyin_admin/server]2023/08/14 - 15:28:49.668	[34minfo[0m	E:/go/douyin/initialization/zap.go:124	server run success on 	{"zap_log": "zap_log"}
[douyin_admin/server]2023/08/14 - 15:28:49.698	[34minfo[0m	E:/go/douyin/initialization/server.go:24	server run success on 	{"address": ":8080"}
[douyin_admin/server]2023/08/14 - 15:32:05.206	[34minfo[0m	E:/go/douyin/initialization/zap.go:124	server run success on 	{"zap_log": "zap_log"}
[douyin_admin/server]2023/08/14 - 15:32:05.236	[34minfo[0m	E:/go/douyin/initialization/server.go:24	server run success on 	{"address": ":8080"}
[douyin_admin/server]2023/08/14 - 15:33:03.822	[34minfo[0m	E:/go/douyin/initialization/zap.go:124	server run success on 	{"zap_log": "zap_log"}
[douyin_admin/server]2023/08/14 - 15:33:03.854	[34minfo[0m	E:/go/douyin/initialization/server.go:24	server run success on 	{"address": ":8080"}
[douyin_admin/server]2023/08/14 - 15:33:19.199	[34minfo[0m	E:/go/douyin/initialization/zap.go:124	server run success on 	{"zap_log": "zap_log"}
[douyin_admin/server]2023/08/14 - 15:33:19.234	[34minfo[0m	E:/go/douyin/initialization/server.go:24	server run success on 	{"address": ":8080"}
[douyin_admin/server]2023/08/14 - 15:33:24.020	[34minfo[0m	E:/go/douyin/initialization/zap.go:124	server run success on 	{"zap_log": "zap_log"}
[douyin_admin/server]2023/08/14 - 15:33:24.054	[34minfo[0m	E:/go/douyin/initialization/server.go:24	server run success on 	{"address": ":8080"}
[douyin_admin/server]2023/08/14 - 15:33:29.545	[34minfo[0m	E:/go/douyin/initialization/zap.go:124	server run success on 	{"zap_log": "zap_log"}
[douyin_admin/server]2023/08/14 - 15:33:29.579	[34minfo[0m	E:/go/douyin/initialization/server.go:24	server run success on 	{"address": ":8080"}
[douyin_admin/server]2023/08/14 - 15:34:19.125	[34minfo[0m	E:/go/douyin/initialization/zap.go:124	server run success on 	{"zap_log": "zap_log"}
[douyin_admin/server]2023/08/14 - 15:34:19.162	[34minfo[0m	E:/go/douyin/initialization/server.go:24	server run success on 	{"address": ":8080"}
[douyin_admin/server]2023/08/14 - 15:38:12.845	[34minfo[0m	E:/go/douyin/initialization/zap.go:124	server run success on 	{"zap_log": "zap_log"}
[douyin_admin/server]2023/08/14 - 15:38:12.879	[34minfo[0m	E:/go/douyin/initialization/server.go:24	server run success on 	{"address": ":8080"}
[douyin_admin/server]2023/08/14 - 15:39:34.631	[34minfo[0m	E:/go/douyin/initialization/zap.go:124	server run success on 	{"zap_log": "zap_log"}
[douyin_admin/server]2023/08/14 - 15:39:34.664	[34minfo[0m	E:/go/douyin/initialization/server.go:24	server run success on 	{"address": ":8080"}
[douyin_admin/server]2023/08/14 - 15:45:07.905	[34minfo[0m	E:/go/douyin/initialization/zap.go:124	server run success on 	{"zap_log": "zap_log"}
[douyin_admin/server]2023/08/14 - 15:45:07.979	[34minfo[0m	E:/go/douyin/initialization/server.go:24	server run success on 	{"address": ":8080"}
[douyin_admin/server]2023/08/14 - 17:46:32.678	[34minfo[0m	E:/go/douyin/initialization/zap.go:124	server run success on 	{"zap_log": "zap_log"}
[douyin_admin/server]2023/08/14 - 17:46:32.710	[34minfo[0m	E:/go/douyin/initialization/server.go:24	server run success on 	{"address": ":8080"}
[douyin_admin/server]2023/08/14 - 17:48:05.947	[34minfo[0m	E:/go/douyin/initialization/zap.go:124	server run success on 	{"zap_log": "zap_log"}
[douyin_admin/server]2023/08/14 - 17:48:05.978	[34minfo[0m	E:/go/douyin/initialization/server.go:24	server run success on 	{"address": ":8080"}
[douyin_admin/server]2023/08/14 - 17:48:29.033	[34minfo[0m	E:/go/douyin/initialization/zap.go:124	server run success on 	{"zap_log": "zap_log"}
[douyin_admin/server]2023/08/14 - 17:48:29.067	[34minfo[0m	E:/go/douyin/initialization/server.go:24	server run success on 	{"address": ":8080"}
[douyin_admin/server]2023/08/14 - 18:01:27.292	[34minfo[0m	E:/go/douyin/initialization/zap.go:124	server run success on 	{"zap_log": "zap_log"}
[douyin_admin/server]2023/08/14 - 18:01:27.321	[34minfo[0m	E:/go/douyin/initialization/server.go:24	server run success on 	{"address": ":8080"}
[douyin_admin/server]2023/08/14 - 18:01:45.200	[34minfo[0m	E:/go/douyin/initialization/zap.go:124	server run success on 	{"zap_log": "zap_log"}
[douyin_admin/server]2023/08/14 - 18:01:45.231	[34minfo[0m	E:/go/douyin/initialization/server.go:24	server run success on 	{"address": ":8080"}
[douyin_admin/server]2023/08/14 - 18:03:01.502	[34minfo[0m	E:/go/douyin/initialization/zap.go:124	server run success on 	{"zap_log": "zap_log"}
[douyin_admin/server]2023/08/14 - 18:03:01.536	[34minfo[0m	E:/go/douyin/initialization/server.go:24	server run success on 	{"address": ":8080"}
[douyin_admin/server]2023/08/14 - 18:03:18.798	[34minfo[0m	E:/go/douyin/initialization/zap.go:124	server run success on 	{"zap_log": "zap_log"}
[douyin_admin/server]2023/08/14 - 18:03:18.830	[34minfo[0m	E:/go/douyin/initialization/server.go:24	server run success on 	{"address": ":8080"}
[douyin_admin/server]2023/08/14 - 18:03:40.094	[34minfo[0m	E:/go/douyin/initialization/zap.go:124	server run success on 	{"zap_log": "zap_log"}
[douyin_admin/server]2023/08/14 - 18:03:40.124	[34minfo[0m	E:/go/douyin/initialization/server.go:24	server run success on 	{"address": ":8080"}
[douyin_admin/server]2023/08/14 - 18:04:45.405	[34minfo[0m	E:/go/douyin/initialization/zap.go:124	server run success on 	{"zap_log": "zap_log"}
[douyin_admin/server]2023/08/14 - 18:04:45.435	[34minfo[0m	E:/go/douyin/initialization/server.go:24	server run success on 	{"address": ":8080"}
<<<<<<< HEAD
=======
[douyin_admin/server]2023/08/14 - 20:06:24.779	[34minfo[0m	/home/yuhang/douyin/initialization/zap.go:124	server run success on 	{"zap_log": "zap_log"}
[douyin_admin/server]2023/08/14 - 20:06:24.818	[34minfo[0m	/home/yuhang/douyin/initialization/server.go:24	server run success on 	{"address": ":8192"}
[douyin_admin/server]2023/08/14 - 20:06:36.786	[34minfo[0m	/home/yuhang/douyin/controller/user.go:106	UserLogin success!
>>>>>>> yiming
