[douyin_admin/server]2023/08/21 - 13:40:49.296	[31merror[0m	C:/Users/Administrator/Desktop/Daoyin/douyin/initialization/redis.go:20	redis connect ping failed, err:	{"error": "ERR Client sent AUTH, but no password is set"}
[douyin_admin/server]2023/08/21 - 13:43:54.527	[31merror[0m	C:/Users/Administrator/Desktop/Daoyin/douyin/initialization/server.go:29	accept tcp [::]:8192: use of closed network connection
[douyin_admin/server]2023/08/21 - 13:44:01.778	[31merror[0m	C:/Users/Administrator/Desktop/Daoyin/douyin/initialization/redis.go:20	redis connect ping failed, err:	{"error": "ERR Client sent AUTH, but no password is set"}
[douyin_admin/server]2023/08/21 - 13:58:36.924	[31merror[0m	C:/Users/Administrator/Desktop/Daoyin/douyin/initialization/server.go:29	accept tcp [::]:8192: use of closed network connection
[douyin_admin/server]2023/08/21 - 14:07:25.708	[31merror[0m	C:/Users/Administrator/Desktop/Daoyin/douyin/initialization/redis.go:20	redis connect ping failed, err:	{"error": "ERR Client sent AUTH, but no password is set"}
[douyin_admin/server]2023/08/21 - 14:24:32.585	[31merror[0m	C:/Users/Administrator/Desktop/Daoyin/douyin/initialization/server.go:29	accept tcp [::]:8192: use of closed network connection
[douyin_admin/server]2023/08/21 - 14:24:39.080	[31merror[0m	C:/Users/Administrator/Desktop/Daoyin/douyin/initialization/redis.go:20	redis connect ping failed, err:	{"error": "ERR Client sent AUTH, but no password is set"}
[douyin_admin/server]2023/08/21 - 14:50:47.455	[31merror[0m	C:/Users/Administrator/Desktop/Daoyin/douyin/initialization/server.go:29	accept tcp [::]:8192: use of closed network connection
[douyin_admin/server]2023/08/21 - 14:50:52.958	[31merror[0m	C:/Users/Administrator/Desktop/Daoyin/douyin/initialization/redis.go:20	redis connect ping failed, err:	{"error": "ERR Client sent AUTH, but no password is set"}
[douyin_admin/server]2023/08/21 - 16:30:31.025	[31merror[0m	C:/Users/Administrator/Desktop/Daoyin/douyin/initialization/server.go:29	accept tcp [::]:8192: use of closed network connection
[douyin_admin/server]2023/08/21 - 16:30:37.317	[31merror[0m	C:/Users/Administrator/Desktop/Daoyin/douyin/initialization/redis.go:20	redis connect ping failed, err:	{"error": "ERR Client sent AUTH, but no password is set"}
[douyin_admin/server]2023/08/21 - 16:37:06.240	[31merror[0m	C:/Users/Administrator/Desktop/Daoyin/douyin/initialization/server.go:29	accept tcp [::]:8192: use of closed network connection
[douyin_admin/server]2023/08/21 - 16:37:12.603	[31merror[0m	C:/Users/Administrator/Desktop/Daoyin/douyin/initialization/redis.go:20	redis connect ping failed, err:	{"error": "ERR Client sent AUTH, but no password is set"}
[douyin_admin/server]2023/08/21 - 16:50:36.421	[31merror[0m	C:/Users/Administrator/Desktop/Daoyin/douyin/initialization/redis.go:20	redis connect ping failed, err:	{"error": "ERR Client sent AUTH, but no password is set"}
[douyin_admin/server]2023/08/21 - 17:11:18.396	[31merror[0m	C:/Users/Administrator/Desktop/Daoyin/douyin/initialization/server.go:29	accept tcp [::]:8192: use of closed network connection
[douyin_admin/server]2023/08/21 - 17:11:25.280	[31merror[0m	C:/Users/Administrator/Desktop/Daoyin/douyin/initialization/redis.go:20	redis connect ping failed, err:	{"error": "ERR Client sent AUTH, but no password is set"}
[douyin_admin/server]2023/08/21 - 17:15:46.290	[31merror[0m	C:/Users/Administrator/Desktop/Daoyin/douyin/initialization/server.go:29	accept tcp [::]:8192: use of closed network connection
[douyin_admin/server]2023/08/21 - 17:15:54.970	[31merror[0m	C:/Users/Administrator/Desktop/Daoyin/douyin/initialization/redis.go:20	redis connect ping failed, err:	{"error": "ERR Client sent AUTH, but no password is set"}
[douyin_admin/server]2023/08/21 - 17:22:35.200	[31merror[0m	C:/Users/Administrator/Desktop/Daoyin/douyin/initialization/server.go:29	accept tcp [::]:8192: use of closed network connection
[douyin_admin/server]2023/08/21 - 17:22:39.774	[31merror[0m	C:/Users/Administrator/Desktop/Daoyin/douyin/initialization/redis.go:20	redis connect ping failed, err:	{"error": "ERR Client sent AUTH, but no password is set"}
[douyin_admin/server]2023/08/21 - 17:38:00.835	[31merror[0m	C:/Users/Administrator/Desktop/Daoyin/douyin/initialization/server.go:29	accept tcp [::]:8192: use of closed network connection
[douyin_admin/server]2023/08/21 - 17:38:06.231	[31merror[0m	C:/Users/Administrator/Desktop/Daoyin/douyin/initialization/redis.go:20	redis connect ping failed, err:	{"error": "ERR Client sent AUTH, but no password is set"}
[douyin_admin/server]2023/08/21 - 17:56:45.754	[31merror[0m	C:/Users/Administrator/Desktop/Daoyin/douyin/initialization/server.go:29	accept tcp [::]:8192: use of closed network connection
[douyin_admin/server]2023/08/21 - 17:57:11.930	[31merror[0m	C:/Users/Administrator/Desktop/Daoyin/douyin/initialization/redis.go:20	redis connect ping failed, err:	{"error": "ERR Client sent AUTH, but no password is set"}
[douyin_admin/server]2023/08/21 - 17:59:48.833	[31merror[0m	C:/Users/Administrator/Desktop/Daoyin/douyin/initialization/server.go:29	accept tcp [::]:8192: use of closed network connection
[douyin_admin/server]2023/08/21 - 17:59:53.431	[31merror[0m	C:/Users/Administrator/Desktop/Daoyin/douyin/initialization/redis.go:20	redis connect ping failed, err:	{"error": "ERR Client sent AUTH, but no password is set"}
[douyin_admin/server]2023/08/21 - 18:11:09.932	[31merror[0m	C:/Users/Administrator/Desktop/Daoyin/douyin/initialization/server.go:29	accept tcp [::]:8192: use of closed network connection
<<<<<<< Updated upstream
[douyin_admin/server]2023/08/21 - 18:11:15.174	[31merror[0m	C:/Users/Administrator/Desktop/Daoyin/douyin/initialization/redis.go:20	redis connect ping failed, err:	{"error": "ERR Client sent AUTH, but no password is set"}
[douyin_admin/server]2023/08/21 - 18:58:46.109	[31merror[0m	C:/Users/Administrator/Desktop/Daoyin/douyin/initialization/server.go:29	accept tcp [::]:8192: use of closed network connection
[douyin_admin/server]2023/08/21 - 18:58:51.958	[31merror[0m	C:/Users/Administrator/Desktop/Daoyin/douyin/initialization/redis.go:20	redis connect ping failed, err:	{"error": "ERR Client sent AUTH, but no password is set"}
[douyin_admin/server]2023/08/21 - 19:39:40.134	[31merror[0m	C:/Users/Administrator/Desktop/Daoyin/douyin/initialization/server.go:29	accept tcp [::]:8192: use of closed network connection
[douyin_admin/server]2023/08/21 - 19:39:46.617	[31merror[0m	C:/Users/Administrator/Desktop/Daoyin/douyin/initialization/redis.go:20	redis connect ping failed, err:	{"error": "ERR Client sent AUTH, but no password is set"}
[douyin_admin/server]2023/08/21 - 19:48:52.785	[31merror[0m	C:/Users/Administrator/Desktop/Daoyin/douyin/initialization/server.go:29	accept tcp [::]:8192: use of closed network connection
[douyin_admin/server]2023/08/21 - 19:48:58.150	[31merror[0m	C:/Users/Administrator/Desktop/Daoyin/douyin/initialization/redis.go:20	redis connect ping failed, err:	{"error": "ERR Client sent AUTH, but no password is set"}
[douyin_admin/server]2023/08/21 - 19:50:37.267	[31merror[0m	C:/Users/Administrator/Desktop/Daoyin/douyin/initialization/server.go:29	accept tcp [::]:8192: use of closed network connection
[douyin_admin/server]2023/08/21 - 19:50:45.451	[31merror[0m	C:/Users/Administrator/Desktop/Daoyin/douyin/initialization/redis.go:20	redis connect ping failed, err:	{"error": "ERR Client sent AUTH, but no password is set"}
[douyin_admin/server]2023/08/21 - 20:00:39.281	[31merror[0m	C:/Users/Administrator/Desktop/Daoyin/douyin/initialization/server.go:29	accept tcp [::]:8192: use of closed network connection
[douyin_admin/server]2023/08/21 - 20:00:44.380	[31merror[0m	C:/Users/Administrator/Desktop/Daoyin/douyin/initialization/redis.go:20	redis connect ping failed, err:	{"error": "ERR Client sent AUTH, but no password is set"}
[douyin_admin/server]2023/08/21 - 20:23:07.238	[31merror[0m	C:/Users/Administrator/Desktop/Daoyin/douyin/initialization/server.go:29	accept tcp [::]:8192: use of closed network connection
[douyin_admin/server]2023/08/21 - 20:23:13.213	[31merror[0m	C:/Users/Administrator/Desktop/Daoyin/douyin/initialization/redis.go:20	redis connect ping failed, err:	{"error": "ERR Client sent AUTH, but no password is set"}
[douyin_admin/server]2023/08/21 - 20:24:42.916	[31merror[0m	C:/Users/Administrator/Desktop/Daoyin/douyin/initialization/server.go:29	accept tcp [::]:8192: use of closed network connection
[douyin_admin/server]2023/08/21 - 20:24:48.212	[31merror[0m	C:/Users/Administrator/Desktop/Daoyin/douyin/initialization/redis.go:20	redis connect ping failed, err:	{"error": "ERR Client sent AUTH, but no password is set"}
=======
[douyin_admin/server]2023/08/21 - 20:34:49.832	[31merror[0m	/home/yuhang/douyin/initialization/server.go:29	accept tcp [::]:8192: use of closed network connection
>>>>>>> Stashed changes
