<<<<<<< HEAD
[douyin_admin/server]2023/08/13 - 16:20:16.670	[31merror[0m	/home/yuhang/douyin/initialization/server.go:29	accept tcp [::]:8192: use of closed network connection
[douyin_admin/server]2023/08/13 - 16:35:12.084	[31merror[0m	/home/yuhang/douyin/initialization/server.go:29	accept tcp [::]:8192: use of closed network connection
[douyin_admin/server]2023/08/13 - 16:38:53.110	[31merror[0m	/home/yuhang/douyin/initialization/server.go:29	accept tcp [::]:8192: use of closed network connection
[douyin_admin/server]2023/08/13 - 16:40:40.119	[31merror[0m	/home/yuhang/douyin/initialization/server.go:29	accept tcp [::]:8192: use of closed network connection
[douyin_admin/server]2023/08/13 - 16:41:32.540	[31merror[0m	/home/yuhang/douyin/initialization/server.go:29	accept tcp [::]:8192: use of closed network connection
[douyin_admin/server]2023/08/13 - 16:47:24.379	[31merror[0m	/home/yuhang/douyin/initialization/server.go:29	accept tcp [::]:8192: use of closed network connection
[douyin_admin/server]2023/08/13 - 16:47:50.187	[31merror[0m	/home/yuhang/douyin/initialization/server.go:29	accept tcp [::]:8192: use of closed network connection
[douyin_admin/server]2023/08/13 - 16:52:18.497	[31merror[0m	/home/yuhang/douyin/initialization/server.go:29	accept tcp [::]:8192: use of closed network connection
[douyin_admin/server]2023/08/13 - 16:53:11.673	[31merror[0m	/home/yuhang/douyin/initialization/server.go:29	accept tcp [::]:8192: use of closed network connection
[douyin_admin/server]2023/08/13 - 17:02:05.076	[31merror[0m	/home/yuhang/douyin/initialization/server.go:29	accept tcp [::]:8192: use of closed network connection
[douyin_admin/server]2023/08/13 - 17:03:18.977	[31merror[0m	/home/yuhang/douyin/initialization/server.go:29	accept tcp [::]:8192: use of closed network connection
[douyin_admin/server]2023/08/13 - 17:04:33.557	[31merror[0m	/home/yuhang/douyin/initialization/server.go:29	accept tcp [::]:8192: use of closed network connection
[douyin_admin/server]2023/08/13 - 17:05:14.773	[31merror[0m	/home/yuhang/douyin/initialization/server.go:29	accept tcp [::]:8192: use of closed network connection
[douyin_admin/server]2023/08/13 - 17:06:57.217	[31merror[0m	/home/yuhang/douyin/initialization/server.go:29	accept tcp [::]:8192: use of closed network connection
[douyin_admin/server]2023/08/13 - 17:09:00.148	[31merror[0m	/home/yuhang/douyin/initialization/server.go:29	accept tcp [::]:8192: use of closed network connection
[douyin_admin/server]2023/08/13 - 17:09:21.017	[31merror[0m	/home/yuhang/douyin/initialization/server.go:29	accept tcp [::]:8192: use of closed network connection
[douyin_admin/server]2023/08/13 - 17:11:15.208	[31merror[0m	/home/yuhang/douyin/initialization/server.go:29	accept tcp [::]:8192: use of closed network connection
[douyin_admin/server]2023/08/13 - 17:11:39.654	[31merror[0m	/home/yuhang/douyin/initialization/server.go:29	accept tcp [::]:8192: use of closed network connection
[douyin_admin/server]2023/08/13 - 17:12:25.645	[31merror[0m	/home/yuhang/douyin/initialization/server.go:29	accept tcp [::]:8192: use of closed network connection
[douyin_admin/server]2023/08/13 - 17:12:43.358	[31merror[0m	/home/yuhang/douyin/initialization/server.go:29	accept tcp [::]:8192: use of closed network connection
[douyin_admin/server]2023/08/13 - 17:14:21.523	[31merror[0m	/home/yuhang/douyin/initialization/server.go:29	accept tcp [::]:8192: use of closed network connection
[douyin_admin/server]2023/08/13 - 17:21:15.831	[31merror[0m	/home/yuhang/douyin/initialization/server.go:29	accept tcp [::]:8192: use of closed network connection
[douyin_admin/server]2023/08/13 - 17:25:55.993	[31merror[0m	/home/yuhang/douyin/initialization/server.go:29	accept tcp [::]:8192: use of closed network connection
[douyin_admin/server]2023/08/13 - 17:26:15.475	[31merror[0m	/home/yuhang/douyin/initialization/server.go:29	accept tcp [::]:8192: use of closed network connection
[douyin_admin/server]2023/08/13 - 17:26:55.646	[31merror[0m	/home/yuhang/douyin/initialization/server.go:29	accept tcp [::]:8192: use of closed network connection
[douyin_admin/server]2023/08/13 - 17:30:51.459	[31merror[0m	/home/yuhang/douyin/initialization/server.go:29	accept tcp [::]:8192: use of closed network connection
[douyin_admin/server]2023/08/13 - 19:40:27.735	[31merror[0m	/home/yuhang/douyin/initialization/server.go:29	accept tcp [::]:8192: use of closed network connection
[douyin_admin/server]2023/08/13 - 22:34:27.210	[31merror[0m	/home/yuhang/douyin/initialization/server.go:29	accept tcp [::]:8192: use of closed network connection
=======
[douyin_admin/server]2023/08/13 - 16:28:59.742	[31merror[0m	E:/go/douyin/initialization/server.go:29	accept tcp [::]:8080: use of closed network connection
[douyin_admin/server]2023/08/13 - 17:31:55.676	[31merror[0m	E:/go/douyin/initialization/server.go:29	accept tcp [::]:8080: use of closed network connection
[douyin_admin/server]2023/08/13 - 18:12:00.715	[31merror[0m	E:/go/douyin/initialization/server.go:29	accept tcp [::]:8080: use of closed network connection
[douyin_admin/server]2023/08/13 - 18:13:05.985	[31merror[0m	E:/go/douyin/initialization/server.go:29	accept tcp [::]:8080: use of closed network connection
[douyin_admin/server]2023/08/13 - 18:22:59.387	[31merror[0m	E:/go/douyin/initialization/server.go:29	accept tcp [::]:8080: use of closed network connection
[douyin_admin/server]2023/08/13 - 18:53:57.700	[31merror[0m	E:/go/douyin/initialization/server.go:29	accept tcp [::]:8080: use of closed network connection
[douyin_admin/server]2023/08/13 - 18:54:26.440	[31merror[0m	E:/go/douyin/initialization/server.go:29	accept tcp [::]:8080: use of closed network connection
[douyin_admin/server]2023/08/13 - 18:58:15.365	[31merror[0m	E:/go/douyin/initialization/server.go:29	accept tcp [::]:8080: use of closed network connection
>>>>>>> penglei
