[douyin_admin/server]2023/08/13 - 16:19:27.508	[33mwarn[0m	/home/yuhang/douyin/controller/user.go:125	UserRegisterService fail!	{"error": "Error 1406 (22001): Data too long for column 'password' at row 1"}
[douyin_admin/server]2023/08/13 - 16:28:31.401	[33mwarn[0m	/home/yuhang/douyin/controller/user.go:28	param format wrong!	{"error": "strconv.ParseInt: parsing \"\": invalid syntax"}
[douyin_admin/server]2023/08/13 - 16:34:39.359	[33mwarn[0m	/home/yuhang/douyin/controller/user.go:75	UserLoginService fail!	{"error": "å¯†ç é”™è¯¯"}
[douyin_admin/server]2023/08/13 - 16:36:42.997	[33mwarn[0m	/home/yuhang/douyin/controller/user.go:28	param format wrong!	{"error": "strconv.ParseInt: parsing \"\": invalid syntax"}
[douyin_admin/server]2023/08/13 - 16:37:19.225	[33mwarn[0m	/home/yuhang/douyin/controller/user.go:75	UserLoginService fail!	{"error": "å¯†ç é”™è¯¯"}
[douyin_admin/server]2023/08/13 - 16:38:56.651	[33mwarn[0m	/home/yuhang/douyin/controller/user.go:75	UserLoginService fail!	{"error": "å¯†ç é”™è¯¯"}
[douyin_admin/server]2023/08/13 - 16:39:10.710	[33mwarn[0m	/home/yuhang/douyin/controller/user.go:75	UserLoginService fail!	{"error": "å¯†ç é”™è¯¯"}
[douyin_admin/server]2023/08/13 - 16:40:44.123	[33mwarn[0m	/home/yuhang/douyin/controller/user.go:75	UserLoginService fail!	{"error": "å¯†ç é”™è¯¯"}
[douyin_admin/server]2023/08/13 - 16:43:18.652	[33mwarn[0m	/home/yuhang/douyin/controller/user.go:28	param format wrong!	{"error": "strconv.ParseInt: parsing \"\": invalid syntax"}
[douyin_admin/server]2023/08/13 - 16:47:30.254	[33mwarn[0m	/home/yuhang/douyin/controller/user.go:39	param format wrong!	{"error": "strconv.ParseInt: parsing \"\": invalid syntax"}
[douyin_admin/server]2023/08/13 - 16:52:01.640	[33mwarn[0m	/home/yuhang/douyin/controller/user.go:42	param format wrong!	{"error": "strconv.ParseInt: parsing \"\": invalid syntax"}
[douyin_admin/server]2023/08/13 - 16:52:49.990	[33mwarn[0m	/home/yuhang/douyin/controller/user.go:45	param format wrong!	{"error": "strconv.ParseInt: parsing \"\": invalid syntax"}
[douyin_admin/server]2023/08/13 - 16:57:11.191	[33mwarn[0m	/home/yuhang/douyin/controller/user.go:39	param format wrong!	{"error": "strconv.ParseInt: parsing \"\": invalid syntax"}
[douyin_admin/server]2023/08/13 - 17:02:10.459	[33mwarn[0m	/home/yuhang/douyin/controller/user.go:39	param format wrong!	{"error": "strconv.ParseInt: parsing \"\": invalid syntax"}
[douyin_admin/server]2023/08/13 - 17:03:24.192	[33mwarn[0m	/home/yuhang/douyin/controller/user.go:39	param format wrong!	{"error": "strconv.ParseInt: parsing \"\": invalid syntax"}
[douyin_admin/server]2023/08/13 - 17:04:39.659	[33mwarn[0m	/home/yuhang/douyin/controller/user.go:39	param format wrong!	{"error": "strconv.ParseInt: parsing \"\": invalid syntax"}
[douyin_admin/server]2023/08/13 - 17:05:32.293	[33mwarn[0m	/home/yuhang/douyin/controller/user.go:39	param format wrong!	{"error": "strconv.ParseInt: parsing \"\": invalid syntax"}
[douyin_admin/server]2023/08/13 - 17:07:09.593	[33mwarn[0m	/home/yuhang/douyin/controller/user.go:39	param format wrong!	{"error": "strconv.ParseInt: parsing \"\": invalid syntax"}
[douyin_admin/server]2023/08/13 - 17:09:04.029	[33mwarn[0m	/home/yuhang/douyin/controller/user.go:39	param format wrong!	{"error": "strconv.ParseInt: parsing \"\": invalid syntax"}
[douyin_admin/server]2023/08/13 - 17:10:40.987	[33mwarn[0m	/home/yuhang/douyin/controller/user.go:39	param format wrong!	{"error": "strconv.ParseInt: parsing \"\": invalid syntax"}
[douyin_admin/server]2023/08/13 - 17:11:19.204	[33mwarn[0m	/home/yuhang/douyin/controller/user.go:39	param format wrong!	{"error": "strconv.ParseInt: parsing \"\": invalid syntax"}
[douyin_admin/server]2023/08/13 - 17:12:06.843	[33mwarn[0m	/home/yuhang/douyin/controller/user.go:39	param format wrong!	{"error": "strconv.ParseInt: parsing \"\": invalid syntax"}
[douyin_admin/server]2023/08/13 - 17:12:33.159	[33mwarn[0m	/home/yuhang/douyin/controller/user.go:39	param format wrong!	{"error": "strconv.ParseInt: parsing \"\": invalid syntax"}
[douyin_admin/server]2023/08/13 - 17:13:01.494	[33mwarn[0m	/home/yuhang/douyin/controller/user.go:41	param format wrong!	{"error": "strconv.ParseInt: parsing \"\": invalid syntax"}
[douyin_admin/server]2023/08/13 - 17:16:53.688	[33mwarn[0m	/home/yuhang/douyin/controller/user.go:41	param format wrong!	{"error": "strconv.ParseInt: parsing \"\": invalid syntax"}
[douyin_admin/server]2023/08/13 - 17:21:19.397	[33mwarn[0m	/home/yuhang/douyin/controller/user.go:41	param format wrong!	{"error": "strconv.ParseInt: parsing \"\": invalid syntax"}
[douyin_admin/server]2023/08/13 - 17:29:55.392	[33mwarn[0m	/home/yuhang/douyin/controller/user.go:59	User Success!
[douyin_admin/server]2023/08/13 - 19:02:04.813	[33mwarn[0m	/home/yuhang/douyin/controller/user.go:59	User Success!
[douyin_admin/server]2023/08/13 - 22:34:27.207	[33mwarn[0m	/home/yuhang/douyin/initialization/gorm.go:19	automigration failed
