<<<<<<< Updated upstream
[douyin_admin/server]2023/08/22 - 09:49:02.893	[31merror[0m	C:/Users/Administrator/Desktop/Daoyin/douyin/initialization/redis.go:20	redis connect ping failed, err:	{"error": "ERR Client sent AUTH, but no password is set"}
[douyin_admin/server]2023/08/22 - 09:56:55.654	[31merror[0m	C:/Users/Administrator/Desktop/Daoyin/douyin/initialization/server.go:29	accept tcp [::]:8192: use of closed network connection
[douyin_admin/server]2023/08/22 - 09:57:01.264	[31merror[0m	C:/Users/Administrator/Desktop/Daoyin/douyin/initialization/redis.go:20	redis connect ping failed, err:	{"error": "ERR Client sent AUTH, but no password is set"}
[douyin_admin/server]2023/08/22 - 10:00:43.170	[31merror[0m	C:/Users/Administrator/Desktop/Daoyin/douyin/initialization/server.go:29	accept tcp [::]:8192: use of closed network connection
[douyin_admin/server]2023/08/22 - 10:00:52.561	[31merror[0m	C:/Users/Administrator/Desktop/Daoyin/douyin/initialization/redis.go:20	redis connect ping failed, err:	{"error": "ERR Client sent AUTH, but no password is set"}
[douyin_admin/server]2023/08/22 - 10:01:16.304	[31merror[0m	C:/Users/Administrator/Desktop/Daoyin/douyin/initialization/server.go:29	accept tcp [::]:8192: use of closed network connection
[douyin_admin/server]2023/08/22 - 10:01:21.202	[31merror[0m	C:/Users/Administrator/Desktop/Daoyin/douyin/initialization/redis.go:20	redis connect ping failed, err:	{"error": "ERR Client sent AUTH, but no password is set"}
[douyin_admin/server]2023/08/22 - 10:41:17.427	[31merror[0m	C:/Users/Administrator/Desktop/Daoyin/douyin/initialization/server.go:29	accept tcp [::]:8192: use of closed network connection
[douyin_admin/server]2023/08/22 - 10:41:23.047	[31merror[0m	C:/Users/Administrator/Desktop/Daoyin/douyin/initialization/redis.go:20	redis connect ping failed, err:	{"error": "ERR Client sent AUTH, but no password is set"}
[douyin_admin/server]2023/08/22 - 10:54:37.273	[31merror[0m	C:/Users/Administrator/Desktop/Daoyin/douyin/initialization/server.go:29	accept tcp [::]:8192: use of closed network connection
[douyin_admin/server]2023/08/22 - 10:54:43.999	[31merror[0m	C:/Users/Administrator/Desktop/Daoyin/douyin/initialization/redis.go:20	redis connect ping failed, err:	{"error": "ERR Client sent AUTH, but no password is set"}
[douyin_admin/server]2023/08/22 - 10:57:57.867	[31merror[0m	C:/Users/Administrator/Desktop/Daoyin/douyin/initialization/server.go:29	accept tcp [::]:8192: use of closed network connection
[douyin_admin/server]2023/08/22 - 10:58:04.070	[31merror[0m	C:/Users/Administrator/Desktop/Daoyin/douyin/initialization/redis.go:20	redis connect ping failed, err:	{"error": "ERR Client sent AUTH, but no password is set"}
[douyin_admin/server]2023/08/22 - 11:11:34.316	[31merror[0m	C:/Users/Administrator/Desktop/Daoyin/douyin/initialization/server.go:29	accept tcp [::]:8192: use of closed network connection
[douyin_admin/server]2023/08/22 - 11:11:39.012	[31merror[0m	C:/Users/Administrator/Desktop/Daoyin/douyin/initialization/redis.go:20	redis connect ping failed, err:	{"error": "ERR Client sent AUTH, but no password is set"}
[douyin_admin/server]2023/08/22 - 11:30:54.196	[31merror[0m	C:/Users/Administrator/Desktop/Daoyin/douyin/initialization/server.go:29	accept tcp [::]:8192: use of closed network connection
[douyin_admin/server]2023/08/22 - 11:30:58.924	[31merror[0m	C:/Users/Administrator/Desktop/Daoyin/douyin/initialization/redis.go:20	redis connect ping failed, err:	{"error": "ERR Client sent AUTH, but no password is set"}
[douyin_admin/server]2023/08/22 - 11:39:08.073	[31merror[0m	C:/Users/Administrator/Desktop/Daoyin/douyin/initialization/server.go:29	accept tcp [::]:8192: use of closed network connection
[douyin_admin/server]2023/08/22 - 11:39:12.493	[31merror[0m	C:/Users/Administrator/Desktop/Daoyin/douyin/initialization/redis.go:20	redis connect ping failed, err:	{"error": "ERR Client sent AUTH, but no password is set"}
[douyin_admin/server]2023/08/22 - 11:53:33.824	[31merror[0m	C:/Users/Administrator/Desktop/Daoyin/douyin/initialization/server.go:29	accept tcp [::]:8192: use of closed network connection
[douyin_admin/server]2023/08/22 - 11:53:37.904	[31merror[0m	C:/Users/Administrator/Desktop/Daoyin/douyin/initialization/redis.go:20	redis connect ping failed, err:	{"error": "ERR Client sent AUTH, but no password is set"}
[douyin_admin/server]2023/08/22 - 12:16:51.854	[31merror[0m	C:/Users/Administrator/Desktop/Daoyin/douyin/initialization/server.go:29	accept tcp [::]:8192: use of closed network connection
[douyin_admin/server]2023/08/22 - 12:16:56.442	[31merror[0m	C:/Users/Administrator/Desktop/Daoyin/douyin/initialization/redis.go:20	redis connect ping failed, err:	{"error": "ERR Client sent AUTH, but no password is set"}
[douyin_admin/server]2023/08/22 - 12:57:50.918	[31merror[0m	C:/Users/Administrator/Desktop/Daoyin/douyin/initialization/server.go:29	accept tcp [::]:8192: use of closed network connection
[douyin_admin/server]2023/08/22 - 12:57:57.134	[31merror[0m	C:/Users/Administrator/Desktop/Daoyin/douyin/initialization/redis.go:20	redis connect ping failed, err:	{"error": "ERR Client sent AUTH, but no password is set"}
[douyin_admin/server]2023/08/22 - 14:21:00.830	[31merror[0m	C:/Users/Administrator/Desktop/Daoyin/douyin/initialization/server.go:29	accept tcp [::]:8192: use of closed network connection
[douyin_admin/server]2023/08/22 - 14:22:14.432	[31merror[0m	C:/Users/Administrator/Desktop/Daoyin/douyin/initialization/redis.go:20	redis connect ping failed, err:	{"error": "ERR Client sent AUTH, but no password is set"}
[douyin_admin/server]2023/08/22 - 14:49:30.953	[31merror[0m	C:/Users/Administrator/Desktop/Daoyin/douyin/initialization/server.go:29	accept tcp [::]:8192: use of closed network connection
[douyin_admin/server]2023/08/22 - 14:53:46.572	[31merror[0m	C:/Users/Administrator/Desktop/Daoyin/douyin/initialization/redis.go:20	redis connect ping failed, err:	{"error": "ERR Client sent AUTH, but no password is set"}
[douyin_admin/server]2023/08/22 - 14:57:24.003	[31merror[0m	C:/Users/Administrator/Desktop/Daoyin/douyin/initialization/server.go:29	accept tcp [::]:8192: use of closed network connection
[douyin_admin/server]2023/08/22 - 14:57:29.218	[31merror[0m	C:/Users/Administrator/Desktop/Daoyin/douyin/initialization/redis.go:20	redis connect ping failed, err:	{"error": "ERR Client sent AUTH, but no password is set"}
=======
[douyin_admin/server]2023/08/22 - 09:37:40.159	[31merror[0m	/home/yuhang/douyin/initialization/server.go:29	accept tcp [::]:8192: use of closed network connection
[douyin_admin/server]2023/08/22 - 09:38:07.151	[31merror[0m	/home/yuhang/douyin/initialization/server.go:29	accept tcp [::]:8192: use of closed network connection
[douyin_admin/server]2023/08/22 - 09:40:48.693	[31merror[0m	/home/yuhang/douyin/initialization/server.go:29	accept tcp [::]:8192: use of closed network connection
[douyin_admin/server]2023/08/22 - 09:57:19.914	[31merror[0m	/home/yuhang/douyin/initialization/server.go:29	accept tcp [::]:8192: use of closed network connection
[douyin_admin/server]2023/08/22 - 10:14:58.549	[31merror[0m	/home/yuhang/douyin/initialization/server.go:29	accept tcp [::]:8192: use of closed network connection
[douyin_admin/server]2023/08/22 - 10:31:37.240	[31merror[0m	/home/yuhang/douyin/initialization/server.go:29	accept tcp [::]:8192: use of closed network connection
[douyin_admin/server]2023/08/22 - 10:57:38.772	[31merror[0m	/home/yuhang/douyin/initialization/server.go:29	accept tcp [::]:8192: use of closed network connection
[douyin_admin/server]2023/08/22 - 10:59:45.055	[31merror[0m	/home/yuhang/douyin/initialization/server.go:29	accept tcp [::]:8192: use of closed network connection
[douyin_admin/server]2023/08/22 - 11:15:10.482	[31merror[0m	/home/yuhang/douyin/initialization/server.go:29	accept tcp [::]:8192: use of closed network connection
[douyin_admin/server]2023/08/22 - 11:17:45.931	[31merror[0m	/home/yuhang/douyin/initialization/server.go:29	accept tcp [::]:8192: use of closed network connection
[douyin_admin/server]2023/08/22 - 11:22:40.874	[31merror[0m	/home/yuhang/douyin/initialization/server.go:29	accept tcp [::]:8192: use of closed network connection
[douyin_admin/server]2023/08/22 - 11:32:46.454	[31merror[0m	/home/yuhang/douyin/initialization/server.go:29	accept tcp [::]:8192: use of closed network connection
[douyin_admin/server]2023/08/22 - 11:33:13.978	[31merror[0m	/home/yuhang/douyin/initialization/server.go:29	accept tcp [::]:8192: use of closed network connection
[douyin_admin/server]2023/08/22 - 11:39:08.861	[31merror[0m	/home/yuhang/douyin/initialization/server.go:29	accept tcp [::]:8192: use of closed network connection
[douyin_admin/server]2023/08/22 - 11:40:39.628	[31merror[0m	/home/yuhang/douyin/initialization/server.go:29	accept tcp [::]:8192: use of closed network connection
[douyin_admin/server]2023/08/22 - 11:43:20.801	[31merror[0m	/home/yuhang/douyin/initialization/server.go:29	accept tcp [::]:8192: use of closed network connection
[douyin_admin/server]2023/08/22 - 11:44:03.130	[31merror[0m	/home/yuhang/douyin/initialization/server.go:29	accept tcp [::]:8192: use of closed network connection
[douyin_admin/server]2023/08/22 - 11:46:54.775	[31merror[0m	/home/yuhang/douyin/initialization/server.go:29	accept tcp [::]:8192: use of closed network connection
[douyin_admin/server]2023/08/22 - 11:51:15.173	[31merror[0m	/home/yuhang/douyin/initialization/server.go:29	accept tcp [::]:8192: use of closed network connection
[douyin_admin/server]2023/08/22 - 11:52:23.306	[31merror[0m	/home/yuhang/douyin/initialization/server.go:29	accept tcp [::]:8192: use of closed network connection
[douyin_admin/server]2023/08/22 - 11:59:28.417	[31merror[0m	/home/yuhang/douyin/initialization/server.go:29	accept tcp [::]:8192: use of closed network connection
[douyin_admin/server]2023/08/22 - 12:02:54.530	[31merror[0m	/home/yuhang/douyin/initialization/server.go:29	accept tcp [::]:8192: use of closed network connection
[douyin_admin/server]2023/08/22 - 12:05:24.100	[31merror[0m	/home/yuhang/douyin/initialization/server.go:29	accept tcp [::]:8192: use of closed network connection
[douyin_admin/server]2023/08/22 - 12:05:48.991	[31merror[0m	/home/yuhang/douyin/initialization/server.go:29	accept tcp [::]:8192: use of closed network connection
[douyin_admin/server]2023/08/22 - 12:41:06.745	[31merror[0m	/home/yuhang/douyin/initialization/server.go:29	accept tcp [::]:8192: use of closed network connection
[douyin_admin/server]2023/08/22 - 12:50:36.598	[31merror[0m	/home/yuhang/douyin/initialization/server.go:29	accept tcp [::]:8192: use of closed network connection
[douyin_admin/server]2023/08/22 - 12:52:46.237	[31merror[0m	/home/yuhang/douyin/initialization/server.go:29	accept tcp [::]:8192: use of closed network connection
[douyin_admin/server]2023/08/22 - 13:00:01.261	[31merror[0m	/home/yuhang/douyin/initialization/server.go:29	accept tcp [::]:8192: use of closed network connection
[douyin_admin/server]2023/08/22 - 13:17:20.754	[31merror[0m	/home/yuhang/douyin/initialization/server.go:29	accept tcp [::]:8192: use of closed network connection
[douyin_admin/server]2023/08/22 - 13:18:11.667	[31merror[0m	/home/yuhang/douyin/initialization/server.go:29	accept tcp [::]:8192: use of closed network connection
[douyin_admin/server]2023/08/22 - 13:18:45.665	[31merror[0m	/home/yuhang/douyin/initialization/server.go:29	accept tcp [::]:8192: use of closed network connection
[douyin_admin/server]2023/08/22 - 13:38:08.231	[31merror[0m	/home/yuhang/douyin/initialization/server.go:29	accept tcp [::]:8192: use of closed network connection
>>>>>>> Stashed changes
